# JRE version: OpenJDK Runtime Environment GraalVM CE 22.3.0 (17.0.5+8) (build 17.0.5+8-jvmci-22.3-b08)
# Java VM: OpenJDK 64-Bit Server VM GraalVM CE 22.3.0 (17.0.5+8-jvmci-22.3-b08, mixed mode, sharing, tiered, jvmci, jvmci compiler, compressed oops, compressed class ptrs, parallel gc, linux-amd64)
GC Precious Log:
 CPUs: 4 total, 1 available
 Memory: 1024M
 Large Page Support: Disabled
 NUMA Support: Disabled
 Compressed Oops: Enabled (32-bit)
 Alignments: Space 512K, Generation 512K, Heap 2M
 Heap Min Capacity: 100M
 Heap Initial Capacity: 100M
 Heap Max Capacity: 512M
 Pre-touch: Disabled
 Parallel Workers: 1
Heap:
 PSYoungGen      total 27136K, used 12800K [0x00000000f5580000, 0x00000000f7e80000, 0x0000000100000000)
  eden space 12800K, 100% used [0x00000000f5580000,0x00000000f6200000,0x00000000f6200000)
  from space 14336K, 0% used [0x00000000f6200000,0x00000000f6200000,0x00000000f7000000)
  to   space 13824K, 0% used [0x00000000f7100000,0x00000000f7100000,0x00000000f7e80000)
 ParOldGen       total 349696K, used 349695K [0x00000000e0000000, 0x00000000f5580000, 0x00000000f5580000)
  object space 349696K, 99% used [0x00000000e0000000,0x00000000f557fe18,0x00000000f5580000)
 Metaspace       used 52958K, committed 53824K, reserved 1097728K
  class space    used 5027K, committed 5440K, reserved 1048576K
GC Heap History (20 events):
Event: 405.925 GC heap before
{Heap before GC invocations=463 (full 327):
 PSYoungGen      total 27136K, used 12799K [0x00000000f5580000, 0x00000000f7e80000, 0x0000000100000000)
  eden space 12800K, 99% used [0x00000000f5580000,0x00000000f61fffd0,0x00000000f6200000)
  from space 14336K, 0% used [0x00000000f6200000,0x00000000f6200000,0x00000000f7000000)
  to   space 13824K, 0% used [0x00000000f7100000,0x00000000f7100000,0x00000000f7e80000)
 ParOldGen       total 349696K, used 349695K [0x00000000e0000000, 0x00000000f5580000, 0x00000000f5580000)
  object space 349696K, 99% used [0x00000000e0000000,0x00000000f557ffc0,0x00000000f5580000)
 Metaspace       used 52958K, committed 53824K, reserved 1097728K
  class space    used 5027K, committed 5440K, reserved 1048576K
}
Event: 407.042 GC heap after
{Heap after GC invocations=463 (full 327):
 PSYoungGen      total 26624K, used 12799K [0x00000000f5580000, 0x00000000f7e80000, 0x0000000100000000)
  eden space 12800K, 99% used [0x00000000f5580000,0x00000000f61fffd0,0x00000000f6200000)
  from space 13824K, 0% used [0x00000000f7100000,0x00000000f7100000,0x00000000f7e80000)
  to   space 14336K, 0% used [0x00000000f6200000,0x00000000f6200000,0x00000000f7000000)
 ParOldGen       total 349696K, used 349695K [0x00000000e0000000, 0x00000000f5580000, 0x00000000f5580000)
  object space 349696K, 99% used [0x00000000e0000000,0x00000000f557ffc0,0x00000000f5580000)
 Metaspace       used 52958K, committed 53824K, reserved 1097728K
  class space    used 5027K, committed 5440K, reserved 1048576K
}
Event: 407.044 GC heap before
{Heap before GC invocations=464 (full 328):
 PSYoungGen      total 26624K, used 12799K [0x00000000f5580000, 0x00000000f7e80000, 0x0000000100000000)
  eden space 12800K, 99% used [0x00000000f5580000,0x00000000f61ffff0,0x00000000f6200000)
  from space 13824K, 0% used [0x00000000f7100000,0x00000000f7100000,0x00000000f7e80000)
  to   space 14336K, 0% used [0x00000000f6200000,0x00000000f6200000,0x00000000f7000000)
 ParOldGen       total 349696K, used 349695K [0x00000000e0000000, 0x00000000f5580000, 0x00000000f5580000)
  object space 349696K, 99% used [0x00000000e0000000,0x00000000f557ffc0,0x00000000f5580000)
 Metaspace       used 52958K, committed 53824K, reserved 1097728K
  class space    used 5027K, committed 5440K, reserved 1048576K
}
Event: 408.207 GC heap after
{Heap after GC invocations=464 (full 328):
 PSYoungGen      total 27136K, used 12799K [0x00000000f5580000, 0x00000000f7e80000, 0x0000000100000000)
  eden space 12800K, 99% used [0x00000000f5580000,0x00000000f61fffd0,0x00000000f6200000)
  from space 14336K, 0% used [0x00000000f6200000,0x00000000f6200000,0x00000000f7000000)
  to   space 13824K, 0% used [0x00000000f7100000,0x00000000f7100000,0x00000000f7e80000)
 ParOldGen       total 349696K, used 349694K [0x00000000e0000000, 0x00000000f5580000, 0x00000000f5580000)
  object space 349696K, 99% used [0x00000000e0000000,0x00000000f557fa20,0x00000000f5580000)
 Metaspace       used 52958K, committed 53824K, reserved 1097728K
  class space    used 5027K, committed 5440K, reserved 1048576K
}
Event: 408.207 GC heap before
{Heap before GC invocations=465 (full 329):
 PSYoungGen      total 27136K, used 12800K [0x00000000f5580000, 0x00000000f7e80000, 0x0000000100000000)
  eden space 12800K, 100% used [0x00000000f5580000,0x00000000f6200000,0x00000000f6200000)
  from space 14336K, 0% used [0x00000000f6200000,0x00000000f6200000,0x00000000f7000000)
  to   space 13824K, 0% used [0x00000000f7100000,0x00000000f7100000,0x00000000f7e80000)
 ParOldGen       total 349696K, used 349695K [0x00000000e0000000, 0x00000000f5580000, 0x00000000f5580000)
  object space 349696K, 99% used [0x00000000e0000000,0x00000000f557ffb8,0x00000000f5580000)
 Metaspace       used 52958K, committed 53824K, reserved 1097728K
  class space    used 5027K, committed 5440K, reserved 1048576K
}
Event: 409.297 GC heap after
{Heap after GC invocations=465 (full 329):
 PSYoungGen      total 26624K, used 12800K [0x00000000f5580000, 0x00000000f7e80000, 0x0000000100000000)
  eden space 12800K, 100% used [0x00000000f5580000,0x00000000f6200000,0x00000000f6200000)
  from space 13824K, 0% used [0x00000000f7100000,0x00000000f7100000,0x00000000f7e80000)
  to   space 14336K, 0% used [0x00000000f6200000,0x00000000f6200000,0x00000000f7000000)
 ParOldGen       total 349696K, used 349695K [0x00000000e0000000, 0x00000000f5580000, 0x00000000f5580000)
  object space 349696K, 99% used [0x00000000e0000000,0x00000000f557fca8,0x00000000f5580000)
 Metaspace       used 52958K, committed 53824K, reserved 1097728K
  class space    used 5027K, committed 5440K, reserved 1048576K
}
Event: 409.298 GC heap before
{Heap before GC invocations=466 (full 330):
 PSYoungGen      total 26624K, used 12800K [0x00000000f5580000, 0x00000000f7e80000, 0x0000000100000000)
  eden space 12800K, 100% used [0x00000000f5580000,0x00000000f6200000,0x00000000f6200000)
  from space 13824K, 0% used [0x00000000f7100000,0x00000000f7100000,0x00000000f7e80000)
  to   space 14336K, 0% used [0x00000000f6200000,0x00000000f6200000,0x00000000f7000000)
 ParOldGen       total 349696K, used 349695K [0x00000000e0000000, 0x00000000f5580000, 0x00000000f5580000)
  object space 349696K, 99% used [0x00000000e0000000,0x00000000f557ffe0,0x00000000f5580000)
 Metaspace       used 52958K, committed 53824K, reserved 1097728K
  class space    used 5027K, committed 5440K, reserved 1048576K
}
Event: 410.227 GC heap after
{Heap after GC invocations=466 (full 330):
 PSYoungGen      total 27136K, used 12799K [0x00000000f5580000, 0x00000000f7e80000, 0x0000000100000000)
  eden space 12800K, 99% used [0x00000000f5580000,0x00000000f61fff78,0x00000000f6200000)
  from space 14336K, 0% used [0x00000000f6200000,0x00000000f6200000,0x00000000f7000000)
  to   space 13824K, 0% used [0x00000000f7100000,0x00000000f7100000,0x00000000f7e80000)
 ParOldGen       total 349696K, used 349694K [0x00000000e0000000, 0x00000000f5580000, 0x00000000f5580000)
  object space 349696K, 99% used [0x00000000e0000000,0x00000000f557fac8,0x00000000f5580000)
 Metaspace       used 52958K, committed 53824K, reserved 1097728K
  class space    used 5027K, committed 5440K, reserved 1048576K
}
Event: 410.231 GC heap before
{Heap before GC invocations=467 (full 331):
 PSYoungGen      total 27136K, used 12800K [0x00000000f5580000, 0x00000000f7e80000, 0x0000000100000000)
  eden space 12800K, 100% used [0x00000000f5580000,0x00000000f6200000,0x00000000f6200000)
  from space 14336K, 0% used [0x00000000f6200000,0x00000000f6200000,0x00000000f7000000)
  to   space 13824K, 0% used [0x00000000f7100000,0x00000000f7100000,0x00000000f7e80000)
 ParOldGen       total 349696K, used 349695K [0x00000000e0000000, 0x00000000f5580000, 0x00000000f5580000)
  object space 349696K, 99% used [0x00000000e0000000,0x00000000f557fe50,0x00000000f5580000)
 Metaspace       used 52958K, committed 53824K, reserved 1097728K
  class space    used 5027K, committed 5440K, reserved 1048576K
}
Event: 411.335 GC heap after
{Heap after GC invocations=467 (full 331):
 PSYoungGen      total 26624K, used 12800K [0x00000000f5580000, 0x00000000f7e80000, 0x0000000100000000)
  eden space 12800K, 100% used [0x00000000f5580000,0x00000000f6200000,0x00000000f6200000)
  from space 13824K, 0% used [0x00000000f7100000,0x00000000f7100000,0x00000000f7e80000)
  to   space 14336K, 0% used [0x00000000f6200000,0x00000000f6200000,0x00000000f7000000)
 ParOldGen       total 349696K, used 349695K [0x00000000e0000000, 0x00000000f5580000, 0x00000000f5580000)
  object space 349696K, 99% used [0x00000000e0000000,0x00000000f557fe50,0x00000000f5580000)
 Metaspace       used 52958K, committed 53824K, reserved 1097728K
  class space    used 5027K, committed 5440K, reserved 1048576K
}
Event: 411.335 GC heap before
{Heap before GC invocations=468 (full 332):
 PSYoungGen      total 26624K, used 12800K [0x00000000f5580000, 0x00000000f7e80000, 0x0000000100000000)
  eden space 12800K, 100% used [0x00000000f5580000,0x00000000f6200000,0x00000000f6200000)
  from space 13824K, 0% used [0x00000000f7100000,0x00000000f7100000,0x00000000f7e80000)
  to   space 14336K, 0% used [0x00000000f6200000,0x00000000f6200000,0x00000000f7000000)
 ParOldGen       total 349696K, used 349695K [0x00000000e0000000, 0x00000000f5580000, 0x00000000f5580000)
  object space 349696K, 99% used [0x00000000e0000000,0x00000000f557ff20,0x00000000f5580000)
 Metaspace       used 52958K, committed 53824K, reserved 1097728K
  class space    used 5027K, committed 5440K, reserved 1048576K
}
Event: 412.397 GC heap after
{Heap after GC invocations=468 (full 332):
 PSYoungGen      total 27136K, used 12800K [0x00000000f5580000, 0x00000000f7e80000, 0x0000000100000000)
  eden space 12800K, 100% used [0x00000000f5580000,0x00000000f6200000,0x00000000f6200000)
  from space 14336K, 0% used [0x00000000f6200000,0x00000000f6200000,0x00000000f7000000)
  to   space 13824K, 0% used [0x00000000f7100000,0x00000000f7100000,0x00000000f7e80000)
 ParOldGen       total 349696K, used 349695K [0x00000000e0000000, 0x00000000f5580000, 0x00000000f5580000)
  object space 349696K, 99% used [0x00000000e0000000,0x00000000f557fe58,0x00000000f5580000)
 Metaspace       used 52958K, committed 53824K, reserved 1097728K
  class space    used 5027K, committed 5440K, reserved 1048576K
}
Event: 412.397 GC heap before
{Heap before GC invocations=469 (full 333):
 PSYoungGen      total 27136K, used 12800K [0x00000000f5580000, 0x00000000f7e80000, 0x0000000100000000)
  eden space 12800K, 100% used [0x00000000f5580000,0x00000000f6200000,0x00000000f6200000)
  from space 14336K, 0% used [0x00000000f6200000,0x00000000f6200000,0x00000000f7000000)
  to   space 13824K, 0% used [0x00000000f7100000,0x00000000f7100000,0x00000000f7e80000)
 ParOldGen       total 349696K, used 349695K [0x00000000e0000000, 0x00000000f5580000, 0x00000000f5580000)
  object space 349696K, 99% used [0x00000000e0000000,0x00000000f557fe58,0x00000000f5580000)
 Metaspace       used 52958K, committed 53824K, reserved 1097728K
  class space    used 5027K, committed 5440K, reserved 1048576K
}
Event: 413.426 GC heap after
{Heap after GC invocations=469 (full 333):
 PSYoungGen      total 26624K, used 12800K [0x00000000f5580000, 0x00000000f7e80000, 0x0000000100000000)
  eden space 12800K, 100% used [0x00000000f5580000,0x00000000f6200000,0x00000000f6200000)
  from space 13824K, 0% used [0x00000000f7100000,0x00000000f7100000,0x00000000f7e80000)
  to   space 14336K, 0% used [0x00000000f6200000,0x00000000f6200000,0x00000000f7000000)
 ParOldGen       total 349696K, used 349695K [0x00000000e0000000, 0x00000000f5580000, 0x00000000f5580000)
  object space 349696K, 99% used [0x00000000e0000000,0x00000000f557fe58,0x00000000f5580000)
 Metaspace       used 52958K, committed 53824K, reserved 1097728K
  class space    used 5027K, committed 5440K, reserved 1048576K
}
Event: 413.430 GC heap before
{Heap before GC invocations=470 (full 334):
 PSYoungGen      total 26624K, used 12800K [0x00000000f5580000, 0x00000000f7e80000, 0x0000000100000000)
  eden space 12800K, 100% used [0x00000000f5580000,0x00000000f6200000,0x00000000f6200000)
  from space 13824K, 0% used [0x00000000f7100000,0x00000000f7100000,0x00000000f7e80000)
  to   space 14336K, 0% used [0x00000000f6200000,0x00000000f6200000,0x00000000f7000000)
 ParOldGen       total 349696K, used 349695K [0x00000000e0000000, 0x00000000f5580000, 0x00000000f5580000)
  object space 349696K, 99% used [0x00000000e0000000,0x00000000f557fff8,0x00000000f5580000)
 Metaspace       used 52958K, committed 53824K, reserved 1097728K
  class space    used 5027K, committed 5440K, reserved 1048576K
}
Event: 414.588 GC heap after
{Heap after GC invocations=470 (full 334):
 PSYoungGen      total 27136K, used 12800K [0x00000000f5580000, 0x00000000f7e80000, 0x0000000100000000)
  eden space 12800K, 100% used [0x00000000f5580000,0x00000000f6200000,0x00000000f6200000)
  from space 14336K, 0% used [0x00000000f6200000,0x00000000f6200000,0x00000000f7000000)
  to   space 13824K, 0% used [0x00000000f7100000,0x00000000f7100000,0x00000000f7e80000)
 ParOldGen       total 349696K, used 349694K [0x00000000e0000000, 0x00000000f5580000, 0x00000000f5580000)
  object space 349696K, 99% used [0x00000000e0000000,0x00000000f557f998,0x00000000f5580000)
 Metaspace       used 52958K, committed 53824K, reserved 1097728K
  class space    used 5027K, committed 5440K, reserved 1048576K
}
Event: 414.589 GC heap before
{Heap before GC invocations=471 (full 335):
 PSYoungGen      total 27136K, used 12800K [0x00000000f5580000, 0x00000000f7e80000, 0x0000000100000000)
  eden space 12800K, 100% used [0x00000000f5580000,0x00000000f6200000,0x00000000f6200000)
  from space 14336K, 0% used [0x00000000f6200000,0x00000000f6200000,0x00000000f7000000)
  to   space 13824K, 0% used [0x00000000f7100000,0x00000000f7100000,0x00000000f7e80000)
 ParOldGen       total 349696K, used 349694K [0x00000000e0000000, 0x00000000f5580000, 0x00000000f5580000)
  object space 349696K, 99% used [0x00000000e0000000,0x00000000f557fab8,0x00000000f5580000)
 Metaspace       used 52958K, committed 53824K, reserved 1097728K
  class space    used 5027K, committed 5440K, reserved 1048576K
}
Event: 415.653 GC heap after
{Heap after GC invocations=471 (full 335):
 PSYoungGen      total 26624K, used 12800K [0x00000000f5580000, 0x00000000f7e80000, 0x0000000100000000)
  eden space 12800K, 100% used [0x00000000f5580000,0x00000000f6200000,0x00000000f6200000)
  from space 13824K, 0% used [0x00000000f7100000,0x00000000f7100000,0x00000000f7e80000)
  to   space 14336K, 0% used [0x00000000f6200000,0x00000000f6200000,0x00000000f7000000)
 ParOldGen       total 349696K, used 349694K [0x00000000e0000000, 0x00000000f5580000, 0x00000000f5580000)
  object space 349696K, 99% used [0x00000000e0000000,0x00000000f557f968,0x00000000f5580000)
 Metaspace       used 52958K, committed 53824K, reserved 1097728K
  class space    used 5027K, committed 5440K, reserved 1048576K
}
Event: 415.653 GC heap before
{Heap before GC invocations=472 (full 336):
 PSYoungGen      total 26624K, used 12800K [0x00000000f5580000, 0x00000000f7e80000, 0x0000000100000000)
  eden space 12800K, 100% used [0x00000000f5580000,0x00000000f6200000,0x00000000f6200000)
  from space 13824K, 0% used [0x00000000f7100000,0x00000000f7100000,0x00000000f7e80000)
  to   space 14336K, 0% used [0x00000000f6200000,0x00000000f6200000,0x00000000f7000000)
 ParOldGen       total 349696K, used 349694K [0x00000000e0000000, 0x00000000f5580000, 0x00000000f5580000)
  object space 349696K, 99% used [0x00000000e0000000,0x00000000f557f968,0x00000000f5580000)
 Metaspace       used 52958K, committed 53824K, reserved 1097728K
  class space    used 5027K, committed 5440K, reserved 1048576K
}
Event: 416.791 GC heap after
{Heap after GC invocations=472 (full 336):
 PSYoungGen      total 27136K, used 12800K [0x00000000f5580000, 0x00000000f7e80000, 0x0000000100000000)
  eden space 12800K, 100% used [0x00000000f5580000,0x00000000f6200000,0x00000000f6200000)
  from space 14336K, 0% used [0x00000000f6200000,0x00000000f6200000,0x00000000f7000000)
  to   space 13824K, 0% used [0x00000000f7100000,0x00000000f7100000,0x00000000f7e80000)
 ParOldGen       total 349696K, used 349694K [0x00000000e0000000, 0x00000000f5580000, 0x00000000f5580000)
  object space 349696K, 99% used [0x00000000e0000000,0x00000000f557f968,0x00000000f5580000)
 Metaspace       used 52958K, committed 53824K, reserved 1097728K
  class space    used 5027K, committed 5440K, reserved 1048576K
}

